0 info it worked if it ends with ok
<<<<<<< HEAD
1 verbose cli [ '/usr/bin/nodejs', '/usr/bin/npm', 'start', '/root/server/' ]
2 info using npm@3.8.3
3 info using node@v5.10.1
4 verbose run-script [ 'prestart', 'start', 'poststart' ]
5 info lifecycle app_server@0.0.0~prestart: app_server@0.0.0
6 silly lifecycle app_server@0.0.0~prestart: no script for prestart, continuing
7 info lifecycle app_server@0.0.0~start: app_server@0.0.0
8 verbose lifecycle app_server@0.0.0~start: unsafe-perm in lifecycle true
9 verbose lifecycle app_server@0.0.0~start: PATH: /usr/lib/node_modules/npm/bin/node-gyp-bin:/root/server/node_modules/.bin:/usr/bin:/usr/local/sbin:/usr/local/bin:/usr/sbin:/usr/bin:/sbin:/bin:/usr/games:/usr/local/games
10 verbose lifecycle app_server@0.0.0~start: CWD: /root/server
11 silly lifecycle app_server@0.0.0~start: Args: [ '-c', 'node ./bin/www "/root/server/"' ]
12 silly lifecycle app_server@0.0.0~start: Returned: code: 1  signal: null
13 info lifecycle app_server@0.0.0~start: Failed to exec start script
14 verbose stack Error: app_server@0.0.0 start: `node ./bin/www "/root/server/"`
14 verbose stack Exit status 1
14 verbose stack     at EventEmitter.<anonymous> (/usr/lib/node_modules/npm/lib/utils/lifecycle.js:239:16)
14 verbose stack     at emitTwo (events.js:100:13)
14 verbose stack     at EventEmitter.emit (events.js:185:7)
14 verbose stack     at ChildProcess.<anonymous> (/usr/lib/node_modules/npm/lib/utils/spawn.js:24:14)
14 verbose stack     at emitTwo (events.js:100:13)
14 verbose stack     at ChildProcess.emit (events.js:185:7)
14 verbose stack     at maybeClose (internal/child_process.js:850:16)
14 verbose stack     at Process.ChildProcess._handle.onexit (internal/child_process.js:215:5)
15 verbose pkgid app_server@0.0.0
16 verbose cwd /root/server
17 error Linux 3.13.0-79-generic
18 error argv "/usr/bin/nodejs" "/usr/bin/npm" "start" "/root/server/"
19 error node v5.10.1
20 error npm  v3.8.3
21 error code ELIFECYCLE
22 error app_server@0.0.0 start: `node ./bin/www "/root/server/"`
22 error Exit status 1
23 error Failed at the app_server@0.0.0 start script 'node ./bin/www "/root/server/"'.
23 error Make sure you have the latest version of node.js and npm installed.
23 error If you do, this is most likely a problem with the app_server package,
23 error not with npm itself.
23 error Tell the author that this fails on your system:
23 error     node ./bin/www "/root/server/"
23 error You can get information on how to open an issue for this project with:
23 error     npm bugs app_server
23 error Or if that isn't available, you can get their info via:
23 error     npm owner ls app_server
23 error There is likely additional logging output above.
24 verbose exit [ 1, true ]
=======
1 verbose cli [ '/usr/local/bin/node', '/usr/local/bin/npm', 'start' ]
2 info using npm@2.14.12
3 info using node@v4.2.6
4 verbose run-script [ 'prestart', 'start', 'poststart' ]
5 info prestart app_server@0.0.0
6 info start app_server@0.0.0
7 verbose unsafe-perm in lifecycle true
8 info app_server@0.0.0 Failed to exec start script
9 verbose stack Error: app_server@0.0.0 start: `node ./bin/www`
9 verbose stack Exit status 1
9 verbose stack     at EventEmitter.<anonymous> (/usr/local/lib/node_modules/npm/lib/utils/lifecycle.js:214:16)
9 verbose stack     at emitTwo (events.js:87:13)
9 verbose stack     at EventEmitter.emit (events.js:172:7)
9 verbose stack     at ChildProcess.<anonymous> (/usr/local/lib/node_modules/npm/lib/utils/spawn.js:24:14)
9 verbose stack     at emitTwo (events.js:87:13)
9 verbose stack     at ChildProcess.emit (events.js:172:7)
9 verbose stack     at maybeClose (internal/child_process.js:821:16)
9 verbose stack     at Process.ChildProcess._handle.onexit (internal/child_process.js:211:5)
10 verbose pkgid app_server@0.0.0
11 verbose cwd /Users/Justin/Documents/sociogram/app_server
12 error Darwin 15.4.0
13 error argv "/usr/local/bin/node" "/usr/local/bin/npm" "start"
14 error node v4.2.6
15 error npm  v2.14.12
16 error code ELIFECYCLE
17 error app_server@0.0.0 start: `node ./bin/www`
17 error Exit status 1
18 error Failed at the app_server@0.0.0 start script 'node ./bin/www'.
18 error This is most likely a problem with the app_server package,
18 error not with npm itself.
18 error Tell the author that this fails on your system:
18 error     node ./bin/www
18 error You can get their info via:
18 error     npm owner ls app_server
18 error There is likely additional logging output above.
19 verbose exit [ 1, true ]
>>>>>>> c750c0c9d7856a7980659b1c7046027bd7d43002
